--2021-08-21 15:16:55--  http://www.moon-project.com/
Resolving www.moon-project.com (www.moon-project.com)... 85.115.25.220
Connecting to www.moon-project.com (www.moon-project.com)|85.115.25.220|:80... connected.
HTTP request sent, awaiting response... 301 Moved Permanently
Location: https://www.moon-project.com/ [following]
--2021-08-21 15:16:56--  https://www.moon-project.com/
Connecting to www.moon-project.com (www.moon-project.com)|85.115.25.220|:443... connected.
HTTP request sent, awaiting response... 200 OK
Length: 3550 (3.5K) [text/html]
Saving to: 'D:/Websites/www.moon-project.com/index.html.tmp'

     0K ...                                                   100% 25.2M=0s

2021-08-21 15:16:56 (25.2 MB/s) - 'D:/Websites/www.moon-project.com/index.html.tmp' saved [3550/3550]

Removing D:/Websites/www.moon-project.com/index.html.tmp since it should be rejected.

--2021-08-21 15:16:56--  https://www.moon-project.com/css/mainstyle.css
Reusing existing connection to www.moon-project.com:443.
HTTP request sent, awaiting response... 200 OK
Length: 631 [text/css]
Saving to: 'D:/Websites/www.moon-project.com/css/mainstyle.css'

     0K                                                       100% 4.94M=0s

2021-08-21 15:16:56 (4.94 MB/s) - 'D:/Websites/www.moon-project.com/css/mainstyle.css' saved [631/631]

--2021-08-21 15:16:56--  https://www.moon-project.com/images/kachel.gif
Reusing existing connection to www.moon-project.com:443.
HTTP request sent, awaiting response... 200 OK
Length: 847 [image/gif]
Saving to: 'D:/Websites/www.moon-project.com/images/kachel.gif'

     0K                                                       100% 4.10M=0s

2021-08-21 15:16:56 (4.10 MB/s) - 'D:/Websites/www.moon-project.com/images/kachel.gif' saved [847/847]

--2021-08-21 15:16:56--  https://www.moon-project.com/images/moon_logo_300px.jpg
Reusing existing connection to www.moon-project.com:443.
HTTP request sent, awaiting response... 200 OK
Length: 13596 (13K) [image/jpeg]
Saving to: 'D:/Websites/www.moon-project.com/images/moon_logo_300px.jpg'

     0K .......... ...                                        100% 8.60M=0.002s

2021-08-21 15:16:56 (8.60 MB/s) - 'D:/Websites/www.moon-project.com/images/moon_logo_300px.jpg' saved [13596/13596]

--2021-08-21 15:16:56--  https://www.moon-project.com/german/index.html
Reusing existing connection to www.moon-project.com:443.
HTTP request sent, awaiting response... 200 OK
Length: 1053 (1.0K) [text/html]
Saving to: 'D:/Websites/www.moon-project.com/german/index.html.tmp'

     0K .                                                     100% 8.66M=0s

2021-08-21 15:16:56 (8.66 MB/s) - 'D:/Websites/www.moon-project.com/german/index.html.tmp' saved [1053/1053]

Removing D:/Websites/www.moon-project.com/german/index.html.tmp since it should be rejected.

--2021-08-21 15:16:56--  https://www.moon-project.com/images/german_off.gif
Reusing existing connection to www.moon-project.com:443.
HTTP request sent, awaiting response... 200 OK
Length: 407 [image/gif]
Saving to: 'D:/Websites/www.moon-project.com/images/german_off.gif'

     0K                                                       100% 3.03M=0s

2021-08-21 15:16:56 (3.03 MB/s) - 'D:/Websites/www.moon-project.com/images/german_off.gif' saved [407/407]

--2021-08-21 15:16:56--  https://www.moon-project.com/english/index.html
Reusing existing connection to www.moon-project.com:443.
HTTP request sent, awaiting response... 200 OK
Length: 1053 (1.0K) [text/html]
Saving to: 'D:/Websites/www.moon-project.com/english/index.html.tmp'

     0K .                                                     100% 5.15M=0s

2021-08-21 15:16:56 (5.15 MB/s) - 'D:/Websites/www.moon-project.com/english/index.html.tmp' saved [1053/1053]

Removing D:/Websites/www.moon-project.com/english/index.html.tmp since it should be rejected.

--2021-08-21 15:16:56--  https://www.moon-project.com/images/english_off.gif
Reusing existing connection to www.moon-project.com:443.
HTTP request sent, awaiting response... 200 OK
Length: 404 [image/gif]
Saving to: 'D:/Websites/www.moon-project.com/images/english_off.gif'

     0K                                                       100% 2.36M=0s

2021-08-21 15:16:56 (2.36 MB/s) - 'D:/Websites/www.moon-project.com/images/english_off.gif' saved [404/404]

--2021-08-21 15:16:56--  https://www.moon-project.com/german/bkg.htm
Reusing existing connection to www.moon-project.com:443.
HTTP request sent, awaiting response... 200 OK
Length: 203 [text/html]
Saving to: 'D:/Websites/www.moon-project.com/german/bkg.htm'

     0K                                                       100% 1.49M=0s

2021-08-21 15:16:56 (1.49 MB/s) - 'D:/Websites/www.moon-project.com/german/bkg.htm' saved [203/203]

--2021-08-21 15:16:56--  https://www.moon-project.com/german/top.htm
Reusing existing connection to www.moon-project.com:443.
HTTP request sent, awaiting response... 200 OK
Length: 535 [text/html]
Saving to: 'D:/Websites/www.moon-project.com/german/top.htm'

     0K                                                       100% 3.75M=0s

2021-08-21 15:16:56 (3.75 MB/s) - 'D:/Websites/www.moon-project.com/german/top.htm' saved [535/535]

--2021-08-21 15:16:56--  https://www.moon-project.com/german/menu.htm
Reusing existing connection to www.moon-project.com:443.
HTTP request sent, awaiting response... 200 OK
Length: 4796 (4.7K) [text/html]
Saving to: 'D:/Websites/www.moon-project.com/german/menu.htm'

     0K ....                                                  100% 20.9M=0s

2021-08-21 15:16:56 (20.9 MB/s) - 'D:/Websites/www.moon-project.com/german/menu.htm' saved [4796/4796]

--2021-08-21 15:16:56--  https://www.moon-project.com/german/left.htm
Reusing existing connection to www.moon-project.com:443.
HTTP request sent, awaiting response... 200 OK
Length: 279 [text/html]
Saving to: 'D:/Websites/www.moon-project.com/german/left.htm'

     0K                                                       100% 2.19M=0s

2021-08-21 15:16:56 (2.19 MB/s) - 'D:/Websites/www.moon-project.com/german/left.htm' saved [279/279]

--2021-08-21 15:16:56--  https://www.moon-project.com/german/oben.htm
Reusing existing connection to www.moon-project.com:443.
HTTP request sent, awaiting response... 200 OK
Length: 254 [text/html]
Saving to: 'D:/Websites/www.moon-project.com/german/oben.htm'

     0K                                                       100% 1.95M=0s

2021-08-21 15:16:56 (1.95 MB/s) - 'D:/Websites/www.moon-project.com/german/oben.htm' saved [254/254]

--2021-08-21 15:16:56--  https://www.moon-project.com/german/seiten/news.htm
Reusing existing connection to www.moon-project.com:443.
HTTP request sent, awaiting response... 200 OK
Length: 6376 (6.2K) [text/html]
Saving to: 'D:/Websites/www.moon-project.com/german/seiten/news.htm'

     0K ......                                                100% 27.0M=0s

2021-08-21 15:16:56 (27.0 MB/s) - 'D:/Websites/www.moon-project.com/german/seiten/news.htm' saved [6376/6376]

--2021-08-21 15:16:56--  https://www.moon-project.com/german/unten.htm
Reusing existing connection to www.moon-project.com:443.
HTTP request sent, awaiting response... 200 OK
Length: 1033 (1.0K) [text/html]
Saving to: 'D:/Websites/www.moon-project.com/german/unten.htm'

     0K .                                                     100% 5.15M=0s

2021-08-21 15:16:56 (5.15 MB/s) - 'D:/Websites/www.moon-project.com/german/unten.htm' saved [1033/1033]

--2021-08-21 15:16:56--  https://www.moon-project.com/german/right.htm
Reusing existing connection to www.moon-project.com:443.
HTTP request sent, awaiting response... 200 OK
Length: 295 [text/html]
Saving to: 'D:/Websites/www.moon-project.com/german/right.htm'

     0K                                                       100% 1.75M=0s

2021-08-21 15:16:57 (1.75 MB/s) - 'D:/Websites/www.moon-project.com/german/right.htm' saved [295/295]

--2021-08-21 15:16:57--  https://www.moon-project.com/german/bottom.htm
Reusing existing connection to www.moon-project.com:443.
HTTP request sent, awaiting response... 200 OK
Length: 535 [text/html]
Saving to: 'D:/Websites/www.moon-project.com/german/bottom.htm'

     0K                                                       100% 3.80M=0s

2021-08-21 15:16:57 (3.80 MB/s) - 'D:/Websites/www.moon-project.com/german/bottom.htm' saved [535/535]

--2021-08-21 15:16:57--  https://www.moon-project.com/english/bkg.htm
Reusing existing connection to www.moon-project.com:443.
HTTP request sent, awaiting response... 200 OK
Length: 203 [text/html]
Saving to: 'D:/Websites/www.moon-project.com/english/bkg.htm'

     0K                                                       100% 1.30M=0s

2021-08-21 15:16:57 (1.30 MB/s) - 'D:/Websites/www.moon-project.com/english/bkg.htm' saved [203/203]

--2021-08-21 15:16:57--  https://www.moon-project.com/english/top.htm
Reusing existing connection to www.moon-project.com:443.
HTTP request sent, awaiting response... 200 OK
Length: 535 [text/html]
Saving to: 'D:/Websites/www.moon-project.com/english/top.htm'

     0K                                                       100% 3.57M=0s

2021-08-21 15:16:57 (3.57 MB/s) - 'D:/Websites/www.moon-project.com/english/top.htm' saved [535/535]

--2021-08-21 15:16:57--  https://www.moon-project.com/english/menu.htm
Reusing existing connection to www.moon-project.com:443.
HTTP request sent, awaiting response... 200 OK
Length: 4760 (4.6K) [text/html]
Saving to: 'D:/Websites/www.moon-project.com/english/menu.htm'

     0K ....                                                  100% 27.2M=0s

2021-08-21 15:16:57 (27.2 MB/s) - 'D:/Websites/www.moon-project.com/english/menu.htm' saved [4760/4760]

--2021-08-21 15:16:57--  https://www.moon-project.com/english/left.htm
Reusing existing connection to www.moon-project.com:443.
HTTP request sent, awaiting response... 200 OK
Length: 279 [text/html]
Saving to: 'D:/Websites/www.moon-project.com/english/left.htm'

     0K                                                       100% 1.74M=0s

2021-08-21 15:16:57 (1.74 MB/s) - 'D:/Websites/www.moon-project.com/english/left.htm' saved [279/279]

--2021-08-21 15:16:57--  https://www.moon-project.com/english/oben.htm
Reusing existing connection to www.moon-project.com:443.
HTTP request sent, awaiting response... 200 OK
Length: 254 [text/html]
Saving to: 'D:/Websites/www.moon-project.com/english/oben.htm'

     0K                                                       100% 1.78M=0s

2021-08-21 15:16:57 (1.78 MB/s) - 'D:/Websites/www.moon-project.com/english/oben.htm' saved [254/254]

--2021-08-21 15:16:57--  https://www.moon-project.com/english/seiten/news.htm
Reusing existing connection to www.moon-project.com:443.
HTTP request sent, awaiting response... 200 OK
Length: 3757 (3.7K) [text/html]
Saving to: 'D:/Websites/www.moon-project.com/english/seiten/news.htm'

     0K ...                                                   100% 19.4M=0s

2021-08-21 15:16:57 (19.4 MB/s) - 'D:/Websites/www.moon-project.com/english/seiten/news.htm' saved [3757/3757]

--2021-08-21 15:16:57--  https://www.moon-project.com/english/unten.htm
Reusing existing connection to www.moon-project.com:443.
HTTP request sent, awaiting response... 200 OK
Length: 1033 (1.0K) [text/html]
Saving to: 'D:/Websites/www.moon-project.com/english/unten.htm'

     0K .                                                     100% 6.60M=0s

2021-08-21 15:16:57 (6.60 MB/s) - 'D:/Websites/www.moon-project.com/english/unten.htm' saved [1033/1033]

--2021-08-21 15:16:57--  https://www.moon-project.com/english/right.htm
Reusing existing connection to www.moon-project.com:443.
HTTP request sent, awaiting response... 200 OK
Length: 295 [text/html]
Saving to: 'D:/Websites/www.moon-project.com/english/right.htm'

     0K                                                       100% 2.07M=0s

2021-08-21 15:16:57 (2.07 MB/s) - 'D:/Websites/www.moon-project.com/english/right.htm' saved [295/295]

--2021-08-21 15:16:57--  https://www.moon-project.com/english/bottom.htm
Reusing existing connection to www.moon-project.com:443.
HTTP request sent, awaiting response... 200 OK
Length: 535 [text/html]
Saving to: 'D:/Websites/www.moon-project.com/english/bottom.htm'

     0K                                                       100% 3.57M=0s

2021-08-21 15:16:57 (3.57 MB/s) - 'D:/Websites/www.moon-project.com/english/bottom.htm' saved [535/535]

--2021-08-21 15:16:57--  https://www.moon-project.com/images/lcbar_middle.jpg
Reusing existing connection to www.moon-project.com:443.
HTTP request sent, awaiting response... 200 OK
Length: 1779 (1.7K) [image/jpeg]
Saving to: 'D:/Websites/www.moon-project.com/images/lcbar_middle.jpg'

     0K .                                                     100% 10.8M=0s

2021-08-21 15:16:57 (10.8 MB/s) - 'D:/Websites/www.moon-project.com/images/lcbar_middle.jpg' saved [1779/1779]

--2021-08-21 15:16:57--  https://www.moon-project.com/images/lcbar_left.jpg
Reusing existing connection to www.moon-project.com:443.
HTTP request sent, awaiting response... 200 OK
Length: 2693 (2.6K) [image/jpeg]
Saving to: 'D:/Websites/www.moon-project.com/images/lcbar_left.jpg'

     0K ..                                                    100% 13.1M=0s

2021-08-21 15:16:57 (13.1 MB/s) - 'D:/Websites/www.moon-project.com/images/lcbar_left.jpg' saved [2693/2693]

--2021-08-21 15:16:57--  https://www.moon-project.com/images/lcbar_right.jpg
Reusing existing connection to www.moon-project.com:443.
HTTP request sent, awaiting response... 200 OK
Length: 2601 (2.5K) [image/jpeg]
Saving to: 'D:/Websites/www.moon-project.com/images/lcbar_right.jpg'

     0K ..                                                    100% 17.4M=0s

2021-08-21 15:16:57 (17.4 MB/s) - 'D:/Websites/www.moon-project.com/images/lcbar_right.jpg' saved [2601/2601]

--2021-08-21 15:16:57--  https://www.moon-project.com/images/menu/links.gif
Reusing existing connection to www.moon-project.com:443.
HTTP request sent, awaiting response... 200 OK
Length: 2453 (2.4K) [image/gif]
Saving to: 'D:/Websites/www.moon-project.com/images/menu/links.gif'

     0K ..                                                    100% 10.4M=0s

2021-08-21 15:16:57 (10.4 MB/s) - 'D:/Websites/www.moon-project.com/images/menu/links.gif' saved [2453/2453]

--2021-08-21 15:16:57--  https://www.moon-project.com/images/menu/oben.gif
Reusing existing connection to www.moon-project.com:443.
HTTP request sent, awaiting response... 200 OK
Length: 10450 (10K) [image/gif]
Saving to: 'D:/Websites/www.moon-project.com/images/menu/oben.gif'

     0K ..........                                            100% 8.90M=0.001s

2021-08-21 15:16:57 (8.90 MB/s) - 'D:/Websites/www.moon-project.com/images/menu/oben.gif' saved [10450/10450]

--2021-08-21 15:16:57--  https://www.moon-project.com/images/menu/rechts.gif
Reusing existing connection to www.moon-project.com:443.
HTTP request sent, awaiting response... 200 OK
Length: 3411 (3.3K) [image/gif]
Saving to: 'D:/Websites/www.moon-project.com/images/menu/rechts.gif'

     0K ...                                                   100% 18.8M=0s

2021-08-21 15:16:57 (18.8 MB/s) - 'D:/Websites/www.moon-project.com/images/menu/rechts.gif' saved [3411/3411]

--2021-08-21 15:16:57--  https://www.moon-project.com/index.html
Reusing existing connection to www.moon-project.com:443.
HTTP request sent, awaiting response... 200 OK
Length: 3550 (3.5K) [text/html]
Saving to: 'D:/Websites/www.moon-project.com/index.html.tmp'

     0K ...                                                   100% 14.0M=0s

2021-08-21 15:16:57 (14.0 MB/s) - 'D:/Websites/www.moon-project.com/index.html.tmp' saved [3550/3550]

Removing D:/Websites/www.moon-project.com/index.html.tmp since it should be rejected.

--2021-08-21 15:16:57--  https://www.moon-project.com/images/menu/home_off.gif
Reusing existing connection to www.moon-project.com:443.
HTTP request sent, awaiting response... 200 OK
Length: 2545 (2.5K) [image/gif]
Saving to: 'D:/Websites/www.moon-project.com/images/menu/home_off.gif'

     0K ..                                                    100% 15.4M=0s

2021-08-21 15:16:57 (15.4 MB/s) - 'D:/Websites/www.moon-project.com/images/menu/home_off.gif' saved [2545/2545]

--2021-08-21 15:16:57--  https://www.moon-project.com/images/menu/news_off.gif
Reusing existing connection to www.moon-project.com:443.
HTTP request sent, awaiting response... 200 OK
Length: 1297 (1.3K) [image/gif]
Saving to: 'D:/Websites/www.moon-project.com/images/menu/news_off.gif'

     0K .                                                     100% 8.37M=0s

2021-08-21 15:16:57 (8.37 MB/s) - 'D:/Websites/www.moon-project.com/images/menu/news_off.gif' saved [1297/1297]

--2021-08-21 15:16:57--  https://www.moon-project.com/german/seiten/thegame.htm
Reusing existing connection to www.moon-project.com:443.
HTTP request sent, awaiting response... 200 OK
Length: 9884 (9.7K) [text/html]
Saving to: 'D:/Websites/www.moon-project.com/german/seiten/thegame.htm'

     0K .........                                             100% 9.03M=0.001s

2021-08-21 15:16:57 (9.03 MB/s) - 'D:/Websites/www.moon-project.com/german/seiten/thegame.htm' saved [9884/9884]

--2021-08-21 15:16:57--  https://www.moon-project.com/images/menu/thegame_off.gif
Reusing existing connection to www.moon-project.com:443.
HTTP request sent, awaiting response... 200 OK
Length: 579 [image/gif]
Saving to: 'D:/Websites/www.moon-project.com/images/menu/thegame_off.gif'

     0K                                                       100% 4.01M=0s

2021-08-21 15:16:57 (4.01 MB/s) - 'D:/Websites/www.moon-project.com/images/menu/thegame_off.gif' saved [579/579]

--2021-08-21 15:16:57--  https://www.moon-project.com/german/seiten/graphics.htm
Reusing existing connection to www.moon-project.com:443.
HTTP request sent, awaiting response... 200 OK
Length: 7701 (7.5K) [text/html]
Saving to: 'D:/Websites/www.moon-project.com/german/seiten/graphics.htm'

     0K .......                                               100% 23.3M=0s

2021-08-21 15:16:57 (23.3 MB/s) - 'D:/Websites/www.moon-project.com/german/seiten/graphics.htm' saved [7701/7701]

--2021-08-21 15:16:57--  https://www.moon-project.com/images/menu/graphics_off.gif
Reusing existing connection to www.moon-project.com:443.
HTTP request sent, awaiting response... 200 OK
Length: 539 [image/gif]
Saving to: 'D:/Websites/www.moon-project.com/images/menu/graphics_off.gif'

     0K                                                       100% 2.95M=0s

2021-08-21 15:16:57 (2.95 MB/s) - 'D:/Websites/www.moon-project.com/images/menu/graphics_off.gif' saved [539/539]

--2021-08-21 15:16:57--  https://www.moon-project.com/german/seiten/press.htm
Reusing existing connection to www.moon-project.com:443.
HTTP request sent, awaiting response... 200 OK
Length: 9186 (9.0K) [text/html]
Saving to: 'D:/Websites/www.moon-project.com/german/seiten/press.htm'

     0K ........                                              100% 8.87M=0.001s

2021-08-21 15:16:57 (8.87 MB/s) - 'D:/Websites/www.moon-project.com/german/seiten/press.htm' saved [9186/9186]

--2021-08-21 15:16:57--  https://www.moon-project.com/images/menu/press_off.gif
Reusing existing connection to www.moon-project.com:443.
HTTP request sent, awaiting response... 200 OK
Length: 451 [image/gif]
Saving to: 'D:/Websites/www.moon-project.com/images/menu/press_off.gif'

     0K                                                       100% 3.11M=0s

2021-08-21 15:16:57 (3.11 MB/s) - 'D:/Websites/www.moon-project.com/images/menu/press_off.gif' saved [451/451]

--2021-08-21 15:16:57--  https://www.moon-project.com/german/seiten/links.htm
Reusing existing connection to www.moon-project.com:443.
HTTP request sent, awaiting response... 200 OK
Length: 1048 (1.0K) [text/html]
Saving to: 'D:/Websites/www.moon-project.com/german/seiten/links.htm'

     0K .                                                     100% 6.05M=0s

2021-08-21 15:16:58 (6.05 MB/s) - 'D:/Websites/www.moon-project.com/german/seiten/links.htm' saved [1048/1048]

--2021-08-21 15:16:58--  https://www.moon-project.com/images/menu/links_off.gif
Reusing existing connection to www.moon-project.com:443.
HTTP request sent, awaiting response... 200 OK
Length: 524 [image/gif]
Saving to: 'D:/Websites/www.moon-project.com/images/menu/links_off.gif'

     0K                                                       100% 3.64M=0s

2021-08-21 15:16:58 (3.64 MB/s) - 'D:/Websites/www.moon-project.com/images/menu/links_off.gif' saved [524/524]

--2021-08-21 15:16:58--  https://www.moon-project.com/images/menu/fourm_off.gif
Reusing existing connection to www.moon-project.com:443.
HTTP request sent, awaiting response... 200 OK
Length: 326 [image/gif]
Saving to: 'D:/Websites/www.moon-project.com/images/menu/fourm_off.gif'

     0K                                                       100% 2.26M=0s

2021-08-21 15:16:58 (2.26 MB/s) - 'D:/Websites/www.moon-project.com/images/menu/fourm_off.gif' saved [326/326]

--2021-08-21 15:16:58--  https://www.moon-project.com/german/seiten/contact.htm
Reusing existing connection to www.moon-project.com:443.
HTTP request sent, awaiting response... 200 OK
Length: 949 [text/html]
Saving to: 'D:/Websites/www.moon-project.com/german/seiten/contact.htm'

     0K                                                       100% 6.77M=0s

2021-08-21 15:16:58 (6.77 MB/s) - 'D:/Websites/www.moon-project.com/german/seiten/contact.htm' saved [949/949]

--2021-08-21 15:16:58--  https://www.moon-project.com/images/menu/contact_off.gif
Reusing existing connection to www.moon-project.com:443.
HTTP request sent, awaiting response... 200 OK
Length: 424 [image/gif]
Saving to: 'D:/Websites/www.moon-project.com/images/menu/contact_off.gif'

     0K                                                       100% 2.56M=0s

2021-08-21 15:16:58 (2.56 MB/s) - 'D:/Websites/www.moon-project.com/images/menu/contact_off.gif' saved [424/424]

--2021-08-21 15:16:58--  https://www.moon-project.com/images/menu/order_off.gif
Reusing existing connection to www.moon-project.com:443.
HTTP request sent, awaiting response... 200 OK
Length: 404 [image/gif]
Saving to: 'D:/Websites/www.moon-project.com/images/menu/order_off.gif'

     0K                                                       100% 2.94M=0s

2021-08-21 15:16:58 (2.94 MB/s) - 'D:/Websites/www.moon-project.com/images/menu/order_off.gif' saved [404/404]

--2021-08-21 15:16:58--  https://www.moon-project.com/images/frame/links.gif
Reusing existing connection to www.moon-project.com:443.
HTTP request sent, awaiting response... 200 OK
Length: 2372 (2.3K) [image/gif]
Saving to: 'D:/Websites/www.moon-project.com/images/frame/links.gif'

     0K ..                                                    100% 15.8M=0s

2021-08-21 15:16:58 (15.8 MB/s) - 'D:/Websites/www.moon-project.com/images/frame/links.gif' saved [2372/2372]

--2021-08-21 15:16:58--  https://www.moon-project.com/images/frame/oben.gif
Reusing existing connection to www.moon-project.com:443.
HTTP request sent, awaiting response... 200 OK
Length: 480 [image/gif]
Saving to: 'D:/Websites/www.moon-project.com/images/frame/oben.gif'

     0K                                                       100% 3.63M=0s

2021-08-21 15:16:58 (3.63 MB/s) - 'D:/Websites/www.moon-project.com/images/frame/oben.gif' saved [480/480]

--2021-08-21 15:16:58--  https://www.moon-project.com/images/frame/seite_kachel.gif
Reusing existing connection to www.moon-project.com:443.
HTTP request sent, awaiting response... 200 OK
Length: 1341 (1.3K) [image/gif]
Saving to: 'D:/Websites/www.moon-project.com/images/frame/seite_kachel.gif'

     0K .                                                     100% 8.51M=0s

2021-08-21 15:16:58 (8.51 MB/s) - 'D:/Websites/www.moon-project.com/images/frame/seite_kachel.gif' saved [1341/1341]

--2021-08-21 15:16:58--  https://www.moon-project.com/BannerCreator.zip
Reusing existing connection to www.moon-project.com:443.
HTTP request sent, awaiting response... 200 OK
Length: 77348 (76K) [application/zip]
Saving to: 'D:/Websites/www.moon-project.com/BannerCreator.zip'

     0K .......... .......... .......... .......... .......... 66% 1.25M 0s
    50K .......... .......... .....                           100% 13.1M=0.04s

2021-08-21 15:16:58 (1.80 MB/s) - 'D:/Websites/www.moon-project.com/BannerCreator.zip' saved [77348/77348]

--2021-08-21 15:16:58--  https://www.moon-project.com/images/top_int_logo.gif
Reusing existing connection to www.moon-project.com:443.
HTTP request sent, awaiting response... 200 OK
Length: 3858 (3.8K) [image/gif]
Saving to: 'D:/Websites/www.moon-project.com/images/top_int_logo.gif'

     0K ...                                                   100% 20.6M=0s

2021-08-21 15:16:58 (20.6 MB/s) - 'D:/Websites/www.moon-project.com/images/top_int_logo.gif' saved [3858/3858]

--2021-08-21 15:16:58--  https://www.moon-project.com/images/frame/rechts.gif
Reusing existing connection to www.moon-project.com:443.
HTTP request sent, awaiting response... 200 OK
Length: 2060 (2.0K) [image/gif]
Saving to: 'D:/Websites/www.moon-project.com/images/frame/rechts.gif'

     0K ..                                                    100% 13.0M=0s

2021-08-21 15:16:58 (13.0 MB/s) - 'D:/Websites/www.moon-project.com/images/frame/rechts.gif' saved [2060/2060]

--2021-08-21 15:16:58--  https://www.moon-project.com/english/seiten/thegame.htm
Reusing existing connection to www.moon-project.com:443.
HTTP request sent, awaiting response... 200 OK
Length: 9698 (9.5K) [text/html]
Saving to: 'D:/Websites/www.moon-project.com/english/seiten/thegame.htm'

     0K .........                                             100% 7.49M=0.001s

2021-08-21 15:16:58 (7.49 MB/s) - 'D:/Websites/www.moon-project.com/english/seiten/thegame.htm' saved [9698/9698]

--2021-08-21 15:16:58--  https://www.moon-project.com/english/seiten/graphics.htm
Reusing existing connection to www.moon-project.com:443.
HTTP request sent, awaiting response... 200 OK
Length: 7630 (7.5K) [text/html]
Saving to: 'D:/Websites/www.moon-project.com/english/seiten/graphics.htm'

     0K .......                                               100% 14.9M=0s

2021-08-21 15:16:58 (14.9 MB/s) - 'D:/Websites/www.moon-project.com/english/seiten/graphics.htm' saved [7630/7630]

--2021-08-21 15:16:58--  https://www.moon-project.com/english/seiten/press.htm
Reusing existing connection to www.moon-project.com:443.
HTTP request sent, awaiting response... 200 OK
Length: 3371 (3.3K) [text/html]
Saving to: 'D:/Websites/www.moon-project.com/english/seiten/press.htm'

     0K ...                                                   100% 18.2M=0s

2021-08-21 15:16:58 (18.2 MB/s) - 'D:/Websites/www.moon-project.com/english/seiten/press.htm' saved [3371/3371]

--2021-08-21 15:16:58--  https://www.moon-project.com/english/seiten/links.htm
Reusing existing connection to www.moon-project.com:443.
HTTP request sent, awaiting response... 200 OK
Length: 970 [text/html]
Saving to: 'D:/Websites/www.moon-project.com/english/seiten/links.htm'

     0K                                                       100% 6.58M=0s

2021-08-21 15:16:58 (6.58 MB/s) - 'D:/Websites/www.moon-project.com/english/seiten/links.htm' saved [970/970]

--2021-08-21 15:16:58--  https://www.moon-project.com/english/seiten/contact.htm
Reusing existing connection to www.moon-project.com:443.
HTTP request sent, awaiting response... 200 OK
Length: 831 [text/html]
Saving to: 'D:/Websites/www.moon-project.com/english/seiten/contact.htm'

     0K                                                       100% 5.38M=0s

2021-08-21 15:16:58 (5.38 MB/s) - 'D:/Websites/www.moon-project.com/english/seiten/contact.htm' saved [831/831]

--2021-08-21 15:16:58--  https://www.moon-project.com/english/seiten/order.htm
Reusing existing connection to www.moon-project.com:443.
HTTP request sent, awaiting response... 200 OK
Length: 440 [text/html]
Saving to: 'D:/Websites/www.moon-project.com/english/seiten/order.htm'

     0K                                                       100% 2.82M=0s

2021-08-21 15:16:58 (2.82 MB/s) - 'D:/Websites/www.moon-project.com/english/seiten/order.htm' saved [440/440]

--2021-08-21 15:16:58--  https://www.moon-project.com/images/wallpapers/wall1.jpg
Reusing existing connection to www.moon-project.com:443.
HTTP request sent, awaiting response... 200 OK
Length: 15384 (15K) [image/jpeg]
Saving to: 'D:/Websites/www.moon-project.com/images/wallpapers/wall1.jpg'

     0K .......... .....                                      100% 11.0M=0.001s

2021-08-21 15:16:58 (11.0 MB/s) - 'D:/Websites/www.moon-project.com/images/wallpapers/wall1.jpg' saved [15384/15384]

--2021-08-21 15:16:58--  https://www.moon-project.com/wall1.zip
Reusing existing connection to www.moon-project.com:443.
HTTP request sent, awaiting response... 200 OK
Length: 743727 (726K) [application/zip]
Saving to: 'D:/Websites/www.moon-project.com/wall1.zip'

     0K .......... .......... .......... .......... ..........  6% 5.38M 0s
    50K .......... .......... .......... .......... .......... 13% 1.82M 0s
   100K .......... .......... .......... .......... .......... 20% 6.62M 0s
   150K .......... .......... .......... .......... .......... 27% 6.54M 0s
   200K .......... .......... .......... .......... .......... 34% 6.55M 0s
   250K .......... .......... .......... .......... .......... 41% 6.54M 0s
   300K .......... .......... .......... .......... .......... 48% 5.35M 0s
   350K .......... .......... .......... .......... .......... 55% 6.55M 0s
   400K .......... .......... .......... .......... .......... 61% 4.71M 0s
   450K .......... .......... .......... .......... .......... 68% 6.82M 0s
   500K .......... .......... .......... .......... .......... 75% 6.32M 0s
   550K .......... .......... .......... .......... .......... 82% 6.73M 0s
   600K .......... .......... .......... .......... .......... 89% 6.36M 0s
   650K .......... .......... .......... .......... .......... 96% 6.53M 0s
   700K .......... .......... ......                          100% 8.18M=0.1s

2021-08-21 15:16:58 (5.33 MB/s) - 'D:/Websites/www.moon-project.com/wall1.zip' saved [743727/743727]

--2021-08-21 15:16:58--  https://www.moon-project.com/images/wallpapers/wall2.jpg
Reusing existing connection to www.moon-project.com:443.
HTTP request sent, awaiting response... 200 OK
Length: 12885 (13K) [image/jpeg]
Saving to: 'D:/Websites/www.moon-project.com/images/wallpapers/wall2.jpg'

     0K .......... ..                                         100% 7.48M=0.002s

2021-08-21 15:16:58 (7.48 MB/s) - 'D:/Websites/www.moon-project.com/images/wallpapers/wall2.jpg' saved [12885/12885]

--2021-08-21 15:16:58--  https://www.moon-project.com/wall2.zip
Reusing existing connection to www.moon-project.com:443.
HTTP request sent, awaiting response... 200 OK
Length: 598801 (585K) [application/zip]
Saving to: 'D:/Websites/www.moon-project.com/wall2.zip'

     0K .......... .......... .......... .......... ..........  8% 5.47M 0s
    50K .......... .......... .......... .......... .......... 17% 6.53M 0s
   100K .......... .......... .......... .......... .......... 25% 6.50M 0s
   150K .......... .......... .......... .......... .......... 34% 6.63M 0s
   200K .......... .......... .......... .......... .......... 42% 6.26M 0s
   250K .......... .......... .......... .......... .......... 51% 6.74M 0s
   300K .......... .......... .......... .......... .......... 59% 6.52M 0s
   350K .......... .......... .......... .......... .......... 68% 6.48M 0s
   400K .......... .......... .......... .......... .......... 76% 4.93M 0s
   450K .......... .......... .......... .......... .......... 85% 6.60M 0s
   500K .......... .......... .......... .......... .......... 94% 6.02M 0s
   550K .......... .......... .......... ....                 100% 8.34M=0.09s

2021-08-21 15:16:59 (6.29 MB/s) - 'D:/Websites/www.moon-project.com/wall2.zip' saved [598801/598801]

--2021-08-21 15:16:59--  https://www.moon-project.com/images/screens/extras_5_small.jpg
Reusing existing connection to www.moon-project.com:443.
HTTP request sent, awaiting response... 200 OK
Length: 4620 (4.5K) [image/jpeg]
Saving to: 'D:/Websites/www.moon-project.com/images/screens/extras_5_small.jpg'

     0K ....                                                  100% 28.6M=0s

2021-08-21 15:16:59 (28.6 MB/s) - 'D:/Websites/www.moon-project.com/images/screens/extras_5_small.jpg' saved [4620/4620]

--2021-08-21 15:16:59--  https://www.moon-project.com/images/screens/sunlightcannon.jpg
Reusing existing connection to www.moon-project.com:443.
HTTP request sent, awaiting response... 200 OK
Length: 6552 (6.4K) [image/jpeg]
Saving to: 'D:/Websites/www.moon-project.com/images/screens/sunlightcannon.jpg'

     0K ......                                                100% 38.3M=0s

2021-08-21 15:16:59 (38.3 MB/s) - 'D:/Websites/www.moon-project.com/images/screens/sunlightcannon.jpg' saved [6552/6552]

--2021-08-21 15:16:59--  https://www.moon-project.com/images/screens/kahnthron.jpg
Reusing existing connection to www.moon-project.com:443.
HTTP request sent, awaiting response... 200 OK
Length: 3509 (3.4K) [image/jpeg]
Saving to: 'D:/Websites/www.moon-project.com/images/screens/kahnthron.jpg'

     0K ...                                                   100% 21.7M=0s

2021-08-21 15:16:59 (21.7 MB/s) - 'D:/Websites/www.moon-project.com/images/screens/kahnthron.jpg' saved [3509/3509]

--2021-08-21 15:16:59--  https://www.moon-project.com/images/screens/9.jpg
Reusing existing connection to www.moon-project.com:443.
HTTP request sent, awaiting response... 200 OK
Length: 4609 (4.5K) [image/jpeg]
Saving to: 'D:/Websites/www.moon-project.com/images/screens/9.jpg'

     0K ....                                                  100% 22.6M=0s

2021-08-21 15:16:59 (22.6 MB/s) - 'D:/Websites/www.moon-project.com/images/screens/9.jpg' saved [4609/4609]

--2021-08-21 15:16:59--  https://www.moon-project.com/images/screens/1.jpg
Reusing existing connection to www.moon-project.com:443.
HTTP request sent, awaiting response... 200 OK
Length: 4423 (4.3K) [image/jpeg]
Saving to: 'D:/Websites/www.moon-project.com/images/screens/1.jpg'

     0K ....                                                  100% 27.5M=0s

2021-08-21 15:16:59 (27.5 MB/s) - 'D:/Websites/www.moon-project.com/images/screens/1.jpg' saved [4423/4423]

--2021-08-21 15:16:59--  https://www.moon-project.com/images/screens/2.jpg
Reusing existing connection to www.moon-project.com:443.
HTTP request sent, awaiting response... 200 OK
Length: 4264 (4.2K) [image/jpeg]
Saving to: 'D:/Websites/www.moon-project.com/images/screens/2.jpg'

     0K ....                                                  100% 24.9M=0s

2021-08-21 15:16:59 (24.9 MB/s) - 'D:/Websites/www.moon-project.com/images/screens/2.jpg' saved [4264/4264]

--2021-08-21 15:16:59--  https://www.moon-project.com/images/screens/3.jpg
Reusing existing connection to www.moon-project.com:443.
HTTP request sent, awaiting response... 200 OK
Length: 4734 (4.6K) [image/jpeg]
Saving to: 'D:/Websites/www.moon-project.com/images/screens/3.jpg'

     0K ....                                                  100% 18.7M=0s

2021-08-21 15:16:59 (18.7 MB/s) - 'D:/Websites/www.moon-project.com/images/screens/3.jpg' saved [4734/4734]

--2021-08-21 15:16:59--  https://www.moon-project.com/images/screens/4.jpg
Reusing existing connection to www.moon-project.com:443.
HTTP request sent, awaiting response... 200 OK
Length: 4771 (4.7K) [image/jpeg]
Saving to: 'D:/Websites/www.moon-project.com/images/screens/4.jpg'

     0K ....                                                  100% 25.1M=0s

2021-08-21 15:16:59 (25.1 MB/s) - 'D:/Websites/www.moon-project.com/images/screens/4.jpg' saved [4771/4771]

--2021-08-21 15:16:59--  https://www.moon-project.com/images/screens/5.jpg
Reusing existing connection to www.moon-project.com:443.
HTTP request sent, awaiting response... 200 OK
Length: 4139 (4.0K) [image/jpeg]
Saving to: 'D:/Websites/www.moon-project.com/images/screens/5.jpg'

     0K ....                                                  100% 21.9M=0s

2021-08-21 15:16:59 (21.9 MB/s) - 'D:/Websites/www.moon-project.com/images/screens/5.jpg' saved [4139/4139]

--2021-08-21 15:16:59--  https://www.moon-project.com/images/screens/6.jpg
Reusing existing connection to www.moon-project.com:443.
HTTP request sent, awaiting response... 200 OK
Length: 4039 (3.9K) [image/jpeg]
Saving to: 'D:/Websites/www.moon-project.com/images/screens/6.jpg'

     0K ...                                                   100% 22.3M=0s

2021-08-21 15:16:59 (22.3 MB/s) - 'D:/Websites/www.moon-project.com/images/screens/6.jpg' saved [4039/4039]

--2021-08-21 15:16:59--  https://www.moon-project.com/images/screens/7.jpg
Reusing existing connection to www.moon-project.com:443.
HTTP request sent, awaiting response... 200 OK
Length: 4581 (4.5K) [image/jpeg]
Saving to: 'D:/Websites/www.moon-project.com/images/screens/7.jpg'

     0K ....                                                  100% 19.7M=0s

2021-08-21 15:16:59 (19.7 MB/s) - 'D:/Websites/www.moon-project.com/images/screens/7.jpg' saved [4581/4581]

--2021-08-21 15:16:59--  https://www.moon-project.com/images/screens/8.jpg
Reusing existing connection to www.moon-project.com:443.
HTTP request sent, awaiting response... 200 OK
Length: 4617 (4.5K) [image/jpeg]
Saving to: 'D:/Websites/www.moon-project.com/images/screens/8.jpg'

     0K ....                                                  100% 31.4M=0s

2021-08-21 15:16:59 (31.4 MB/s) - 'D:/Websites/www.moon-project.com/images/screens/8.jpg' saved [4617/4617]

FINISHED --2021-08-21 15:16:59--
Total wall clock time: 3.6s
Downloaded: 75 files, 1.6M in 0.3s (5.52 MB/s)
Converting links in D:/Websites/www.moon-project.com/english/oben.htm... 1-0
Converting links in D:/Websites/www.moon-project.com/english/bottom.htm... 3-0
Converting links in D:/Websites/www.moon-project.com/english/seiten/press.htm... 2-0
Converting links in D:/Websites/www.moon-project.com/german/seiten/thegame.htm... 2-0
Converting links in D:/Websites/www.moon-project.com/german/unten.htm... nothing to do.
Converting links in D:/Websites/www.moon-project.com/german/seiten/press.htm... 2-0
Converting links in D:/Websites/www.moon-project.com/english/seiten/links.htm... 2-0
Converting links in D:/Websites/www.moon-project.com/german/right.htm... 1-0
Converting links in D:/Websites/www.moon-project.com/english/top.htm... 3-0
Converting links in D:/Websites/www.moon-project.com/english/left.htm... 1-0
Converting links in D:/Websites/www.moon-project.com/english/seiten/contact.htm... 3-0
Converting links in D:/Websites/www.moon-project.com/german/oben.htm... 1-0
Converting links in D:/Websites/www.moon-project.com/english/menu.htm... 20-1
Converting links in D:/Websites/www.moon-project.com/german/seiten/graphics.htm... 48-0
Converting links in D:/Websites/www.moon-project.com/english/seiten/graphics.htm... 48-0
Converting links in D:/Websites/www.moon-project.com/german/seiten/news.htm... 4-0
Converting links in D:/Websites/www.moon-project.com/english/seiten/news.htm... 3-0
Converting links in D:/Websites/www.moon-project.com/english/seiten/order.htm... 2-0
Converting links in D:/Websites/www.moon-project.com/german/seiten/links.htm... 2-0
Converting links in D:/Websites/www.moon-project.com/english/bkg.htm... 1-0
Converting links in D:/Websites/www.moon-project.com/english/right.htm... 1-0
Converting links in D:/Websites/www.moon-project.com/english/unten.htm... nothing to do.
Converting links in D:/Websites/www.moon-project.com/german/seiten/contact.htm... 3-0
Converting links in D:/Websites/www.moon-project.com/german/menu.htm... 19-1
Converting links in D:/Websites/www.moon-project.com/german/top.htm... 3-0
Converting links in D:/Websites/www.moon-project.com/german/left.htm... 1-0
Converting links in D:/Websites/www.moon-project.com/english/seiten/thegame.htm... 2-0
Converting links in D:/Websites/www.moon-project.com/german/bkg.htm... 1-0
Converting links in D:/Websites/www.moon-project.com/german/bottom.htm... 3-0
Converting links in D:/Websites/www.moon-project.com/css/mainstyle.css... nothing to do.
Converted links in 30 files in 0.02 seconds.
